Arguments: 
  C:\Program Files\nodejs\node.exe C:\Users\mingz\AppData\Roaming\npm\node_modules\yarn\bin\yarn.js add typescirpt ts-node

PATH: 
  C:\Users\mingz\bin;C:\Program Files\Git\mingw64\bin;C:\Program Files\Git\usr\local\bin;C:\Program Files\Git\usr\bin;C:\Program Files\Git\usr\bin;C:\Program Files\Git\mingw64\bin;C:\Program Files\Git\usr\bin;C:\Users\mingz\bin;C:\Program Files (x86)\Python38-32\Scripts;C:\Program Files (x86)\Python38-32;C:\Windows\system32;C:\Windows;C:\Windows\System32\Wbem;C:\Windows\System32\WindowsPowerShell\v1.0;C:\Windows\System32\OpenSSH;C:\Program Files\Git\cmd;C:\Program Files\nodejs;C:\ProgramData\chocolatey\bin;C:\Users\mingz\AppData\Local\Microsoft\WindowsApps;C:\Users\mingz\AppData\Local\Programs\Microsoft VS Code\bin;C:\Users\mingz\AppData\Roaming\npm;C:\Program Files\Git\usr\bin\vendor_perl;C:\Program Files\Git\usr\bin\core_perl

Yarn version: 
  1.22.10

Node version: 
  14.16.1

Platform: 
  win32 x64

Trace: 
  Error: https://registry.yarnpkg.com/typescirpt: Not found
      at Request.params.callback [as _callback] (C:\Users\mingz\AppData\Roaming\npm\node_modules\yarn\lib\cli.js:66988:18)
      at Request.self.callback (C:\Users\mingz\AppData\Roaming\npm\node_modules\yarn\lib\cli.js:140662:22)
      at Request.emit (events.js:315:20)
      at Request.<anonymous> (C:\Users\mingz\AppData\Roaming\npm\node_modules\yarn\lib\cli.js:141634:10)
      at Request.emit (events.js:315:20)
      at IncomingMessage.<anonymous> (C:\Users\mingz\AppData\Roaming\npm\node_modules\yarn\lib\cli.js:141556:12)
      at Object.onceWrapper (events.js:421:28)
      at IncomingMessage.emit (events.js:327:22)
      at endReadableNT (internal/streams/readable.js:1327:12)
      at processTicksAndRejections (internal/process/task_queues.js:80:21)

npm manifest: 
  {
    "name": "bitsum_Frontend",
    "version": "1.0.0",
    "main": "index.js",
    "repository": "https://github.com/momomingzhi/bitsum_Frontend.git",
    "author": "myeongji_jang <myeongji_jang@tmax.co.kr>",
    "license": "MIT"
  }

yarn manifest: 
  No manifest

Lockfile: 
  No lockfile
